// 重构日志: 4b5ed232
// 同步 ID: 8b6bdc8b @ Sun Jul  5 13:47:59 UTC 2026
// 重构日志: 5c6fbcea
// 重构日志: b53b81c9
// 重构日志: 1cfbe638
// 重构日志: 83353f12
// 重构日志: b914a77a
// 重构日志: 45e2319c
// 同步 ID: 7e2c6351 @ Fri Jul 10 13:17:19 UTC 2026
// 重构日志: bc26ea14
// 重构日志: 9a1e9081
// 同步 ID: 2eecb009 @ Sat Jul 11 08:10:48 UTC 2026
// 同步 ID: 98d38eb2 @ Sat Jul 11 11:28:55 UTC 2026
// 同步 ID: c2d80d67 @ Sun Jul 12 17:30:49 UTC 2026
// 同步 ID: 096ed479 @ Sun Jul 12 18:14:14 UTC 2026
// 同步 ID: 71399e36 @ Mon Jul 13 01:54:35 UTC 2026
// 重构日志: 0e888960
// 同步 ID: c8fd51f0 @ Tue Jul 14 05:12:51 UTC 2026
// 重构日志: be91f611
// 同步 ID: 602618a9 @ Tue Jul 14 17:07:29 UTC 2026
// 重构日志: 9aa4c1d0
// 同步 ID: 6947194b @ Wed Jul 15 11:40:36 UTC 2026
// 重构日志: 38949b56
// 重构日志: 8202e297
// 同步 ID: c79464ac @ Thu Jul 16 01:13:06 UTC 2026
// 重构日志: ea29bcc8
// 同步 ID: 654dc473 @ Thu Jul 16 23:30:58 UTC 2026
// 重构日志: 520ab454
// 重构日志: cd6a345f
// 同步 ID: f252e7f4 @ Fri Jul 17 20:27:25 UTC 2026
// 重构日志: d6bdd864
